▶INFO  2019-08-06 17:17:00,572 [restartedMain] --- com.yjlee.api.MainApplication[logStarting:50]: Starting MainApplication on DESKTOP-QCGF5C3 with PID 36012 (D:\workspace\Sample\ResourceServer\target\classes started by mobigen in D:\workspace\Sample\ResourceServer)
▶INFO  2019-08-06 17:17:00,578 [restartedMain] --- com.yjlee.api.MainApplication[logStartupProfileInfo:646]: No active profile set, falling back to default profiles: default
▶INFO  2019-08-06 17:17:00,763 [restartedMain] --- org.springframework.boot.devtools.env.DevToolsPropertyDefaultsPostProcessor[logTo:225]: Devtools property defaults active! Set 'spring.devtools.add-properties' to 'false' to disable
▶INFO  2019-08-06 17:17:00,764 [restartedMain] --- org.springframework.boot.devtools.env.DevToolsPropertyDefaultsPostProcessor[logTo:225]: For additional web related logging consider setting the 'logging.level.web' property to 'DEBUG'
▶INFO  2019-08-06 17:17:01,736 [restartedMain] --- org.springframework.data.repository.config.RepositoryConfigurationDelegate[registerRepositoriesIn:126]: Bootstrapping Spring Data repositories in DEFAULT mode.
▶INFO  2019-08-06 17:17:01,775 [restartedMain] --- org.springframework.data.repository.config.RepositoryConfigurationDelegate[registerRepositoriesIn:182]: Finished Spring Data repository scanning in 24ms. Found 0 repository interfaces.
▶INFO  2019-08-06 17:17:02,274 [restartedMain] --- org.springframework.integration.config.DefaultConfiguringBeanFactoryPostProcessor[registerErrorChannel:193]: No bean named 'errorChannel' has been explicitly defined. Therefore, a default PublishSubscribeChannel will be created.
▶INFO  2019-08-06 17:17:02,283 [restartedMain] --- org.springframework.integration.config.DefaultConfiguringBeanFactoryPostProcessor[registerTaskScheduler:280]: No bean named 'taskScheduler' has been explicitly defined. Therefore, a default ThreadPoolTaskScheduler will be created.
▶INFO  2019-08-06 17:17:02,314 [restartedMain] --- org.springframework.integration.config.DefaultConfiguringBeanFactoryPostProcessor[registerHeaderChannelRegistry:431]: No bean named 'integrationHeaderChannelRegistry' has been explicitly defined. Therefore, a default DefaultHeaderChannelRegistry will be created.
▶INFO  2019-08-06 17:17:02,443 [restartedMain] --- org.springframework.context.support.PostProcessorRegistrationDelegate$BeanPostProcessorChecker[postProcessAfterInitialization:330]: Bean 'org.springframework.transaction.annotation.ProxyTransactionManagementConfiguration' of type [org.springframework.transaction.annotation.ProxyTransactionManagementConfiguration$$EnhancerBySpringCGLIB$$39cf54fb] is not eligible for getting processed by all BeanPostProcessors (for example: not eligible for auto-proxying)
▶INFO  2019-08-06 17:17:02,481 [restartedMain] --- org.springframework.context.support.PostProcessorRegistrationDelegate$BeanPostProcessorChecker[postProcessAfterInitialization:330]: Bean 'org.springframework.integration.config.IntegrationManagementConfiguration' of type [org.springframework.integration.config.IntegrationManagementConfiguration$$EnhancerBySpringCGLIB$$a4c1102a] is not eligible for getting processed by all BeanPostProcessors (for example: not eligible for auto-proxying)
▶INFO  2019-08-06 17:17:02,492 [restartedMain] --- org.springframework.context.support.PostProcessorRegistrationDelegate$BeanPostProcessorChecker[postProcessAfterInitialization:330]: Bean 'integrationDisposableAutoCreatedBeans' of type [org.springframework.integration.config.annotation.Disposables] is not eligible for getting processed by all BeanPostProcessors (for example: not eligible for auto-proxying)
▶INFO  2019-08-06 17:17:03,141 [restartedMain] --- org.springframework.boot.web.embedded.tomcat.TomcatWebServer[initialize:90]: Tomcat initialized with port(s): 4002 (http)
▶INFO  2019-08-06 17:17:03,173 [restartedMain] --- org.apache.catalina.core.StandardService[log:173]: Starting service [Tomcat]
▶INFO  2019-08-06 17:17:03,174 [restartedMain] --- org.apache.catalina.core.StandardEngine[log:173]: Starting Servlet engine: [Apache Tomcat/9.0.21]
▶INFO  2019-08-06 17:17:03,380 [restartedMain] --- org.apache.catalina.core.ContainerBase.[Tomcat].[localhost].[/][log:173]: Initializing Spring embedded WebApplicationContext
▶INFO  2019-08-06 17:17:03,381 [restartedMain] --- org.springframework.web.context.ContextLoader[prepareWebApplicationContext:283]: Root WebApplicationContext: initialization completed in 2612 ms
▶INFO  2019-08-06 17:17:03,814 [restartedMain] --- com.zaxxer.hikari.HikariDataSource[getConnection:110]: HikariPool-1 - Starting...
▶INFO  2019-08-06 17:17:03,942 [restartedMain] --- com.zaxxer.hikari.HikariDataSource[getConnection:123]: HikariPool-1 - Start completed.
▶INFO  2019-08-06 17:17:04,002 [restartedMain] --- org.hibernate.jpa.internal.util.LogHelper[logPersistenceUnitInformation:31]: HHH000204: Processing PersistenceUnitInfo [
	name: default
	...]
▶INFO  2019-08-06 17:17:04,100 [restartedMain] --- org.hibernate.Version[logVersion:46]: HHH000412: Hibernate Core {5.3.10.Final}
▶INFO  2019-08-06 17:17:04,102 [restartedMain] --- org.hibernate.cfg.Environment[<clinit>:213]: HHH000206: hibernate.properties not found
▶INFO  2019-08-06 17:17:04,278 [restartedMain] --- org.hibernate.annotations.common.Version[<clinit>:49]: HCANN000001: Hibernate Commons Annotations {5.0.4.Final}
▶INFO  2019-08-06 17:17:04,501 [restartedMain] --- org.hibernate.dialect.Dialect[<init>:157]: HHH000400: Using dialect: org.hibernate.dialect.H2Dialect
▶INFO  2019-08-06 17:17:04,727 [restartedMain] --- org.springframework.orm.jpa.LocalContainerEntityManagerFactoryBean[buildNativeEntityManagerFactory:415]: Initialized JPA EntityManagerFactory for persistence unit 'default'
▶INFO  2019-08-06 17:17:05,110 [restartedMain] --- org.springframework.scheduling.concurrent.ThreadPoolTaskExecutor[initialize:171]: Initializing ExecutorService 'applicationTaskExecutor'
▶WARN  2019-08-06 17:17:05,164 [restartedMain] --- org.springframework.boot.autoconfigure.orm.jpa.JpaBaseConfiguration$JpaWebConfiguration$JpaWebMvcConfiguration[openEntityManagerInViewInterceptor:225]: spring.jpa.open-in-view is enabled by default. Therefore, database queries may be performed during view rendering. Explicitly configure spring.jpa.open-in-view to disable this warning
▶INFO  2019-08-06 17:17:05,511 [restartedMain] --- org.springframework.boot.autoconfigure.security.servlet.UserDetailsServiceAutoConfiguration[getOrDeducePassword:82]: 

Using generated security password: 5e000d93-5d80-4bec-b495-1af6143932d4

▶INFO  2019-08-06 17:17:05,699 [restartedMain] --- org.springframework.security.web.DefaultSecurityFilterChain[<init>:43]: Creating filter chain: any request, [org.springframework.security.web.context.request.async.WebAsyncManagerIntegrationFilter@3d072525, org.springframework.security.web.context.SecurityContextPersistenceFilter@3154389d, org.springframework.security.web.header.HeaderWriterFilter@1631461f, org.springframework.security.web.authentication.logout.LogoutFilter@11d55f0, org.springframework.security.oauth2.provider.authentication.OAuth2AuthenticationProcessingFilter@19d8409d, org.springframework.security.web.savedrequest.RequestCacheAwareFilter@6a65660e, org.springframework.security.web.servletapi.SecurityContextHolderAwareRequestFilter@3cc5e787, org.springframework.security.web.authentication.AnonymousAuthenticationFilter@6816b8c4, org.springframework.security.web.session.SessionManagementFilter@516099dc, org.springframework.security.web.access.ExceptionTranslationFilter@3526e182, org.springframework.security.web.access.intercept.FilterSecurityInterceptor@76ef127a]
▶WARN  2019-08-06 17:17:05,800 [restartedMain] --- org.springframework.boot.devtools.autoconfigure.OptionalLiveReloadServer[startServer:60]: Unable to start LiveReload server
▶INFO  2019-08-06 17:17:05,952 [restartedMain] --- org.springframework.scheduling.concurrent.ThreadPoolTaskScheduler[initialize:171]: Initializing ExecutorService 'taskScheduler'
▶INFO  2019-08-06 17:17:06,015 [restartedMain] --- org.springframework.integration.endpoint.EventDrivenConsumer[logComponentSubscriptionEvent:107]: Adding {logging-channel-adapter:_org.springframework.integration.errorLogger} as a subscriber to the 'errorChannel' channel
▶INFO  2019-08-06 17:17:06,016 [restartedMain] --- org.springframework.integration.channel.PublishSubscribeChannel[adjustCounterIfNecessary:64]: Channel 'application.errorChannel' has 1 subscriber(s).
▶INFO  2019-08-06 17:17:06,016 [restartedMain] --- org.springframework.integration.endpoint.EventDrivenConsumer[start:159]: started _org.springframework.integration.errorLogger
▶INFO  2019-08-06 17:17:06,058 [restartedMain] --- org.springframework.boot.web.embedded.tomcat.TomcatWebServer[start:202]: Tomcat started on port(s): 4002 (http) with context path ''
▶INFO  2019-08-06 17:17:06,065 [restartedMain] --- com.yjlee.api.MainApplication[logStarted:59]: Started MainApplication in 6.307 seconds (JVM running for 9.239)
▶INFO  2019-08-06 17:18:04,073 [http-nio-4002-exec-1] --- org.apache.catalina.core.ContainerBase.[Tomcat].[localhost].[/][log:173]: Initializing Spring DispatcherServlet 'dispatcherServlet'
▶INFO  2019-08-06 17:18:04,074 [http-nio-4002-exec-1] --- org.springframework.web.servlet.DispatcherServlet[initServletBean:524]: Initializing Servlet 'dispatcherServlet'
▶INFO  2019-08-06 17:18:04,083 [http-nio-4002-exec-1] --- org.springframework.web.servlet.DispatcherServlet[initServletBean:546]: Completed initialization in 9 ms
▶INFO  2019-08-06 17:41:39,084 [RMI TCP Connection(58)-127.0.0.1] --- org.springframework.boot.admin.SpringApplicationAdminMXBeanRegistrar$SpringApplicationAdmin[shutdown:159]: Application shutdown requested.
▶INFO  2019-08-06 17:41:39,193 [RMI TCP Connection(58)-127.0.0.1] --- org.springframework.integration.endpoint.EventDrivenConsumer[logComponentSubscriptionEvent:107]: Removing {logging-channel-adapter:_org.springframework.integration.errorLogger} as a subscriber to the 'errorChannel' channel
▶INFO  2019-08-06 17:41:39,197 [RMI TCP Connection(58)-127.0.0.1] --- org.springframework.integration.channel.PublishSubscribeChannel[adjustCounterIfNecessary:64]: Channel 'application.errorChannel' has 0 subscriber(s).
▶INFO  2019-08-06 17:41:39,199 [RMI TCP Connection(58)-127.0.0.1] --- org.springframework.integration.endpoint.EventDrivenConsumer[stop:193]: stopped _org.springframework.integration.errorLogger
▶INFO  2019-08-06 17:41:39,207 [RMI TCP Connection(58)-127.0.0.1] --- org.springframework.scheduling.concurrent.ThreadPoolTaskScheduler[shutdown:208]: Shutting down ExecutorService 'taskScheduler'
▶INFO  2019-08-06 17:41:39,245 [RMI TCP Connection(58)-127.0.0.1] --- org.springframework.scheduling.concurrent.ThreadPoolTaskExecutor[shutdown:208]: Shutting down ExecutorService 'applicationTaskExecutor'
▶INFO  2019-08-06 17:41:39,253 [RMI TCP Connection(58)-127.0.0.1] --- org.springframework.orm.jpa.LocalContainerEntityManagerFactoryBean[destroy:597]: Closing JPA EntityManagerFactory for persistence unit 'default'
▶INFO  2019-08-06 17:43:34,416 [restartedMain] --- com.yjlee.api.MainApplication[logStarting:50]: Starting MainApplication on DESKTOP-QCGF5C3 with PID 28664 (D:\workspace\Sample\ResourceServer\target\classes started by mobigen in D:\workspace\Sample\ResourceServer)
▶INFO  2019-08-06 17:43:34,535 [restartedMain] --- com.yjlee.api.MainApplication[logStartupProfileInfo:646]: No active profile set, falling back to default profiles: default
▶INFO  2019-08-06 17:43:34,656 [restartedMain] --- org.springframework.boot.devtools.env.DevToolsPropertyDefaultsPostProcessor[logTo:225]: Devtools property defaults active! Set 'spring.devtools.add-properties' to 'false' to disable
▶INFO  2019-08-06 17:43:34,657 [restartedMain] --- org.springframework.boot.devtools.env.DevToolsPropertyDefaultsPostProcessor[logTo:225]: For additional web related logging consider setting the 'logging.level.web' property to 'DEBUG'
▶INFO  2019-08-06 17:43:36,316 [restartedMain] --- org.springframework.data.repository.config.RepositoryConfigurationDelegate[registerRepositoriesIn:126]: Bootstrapping Spring Data repositories in DEFAULT mode.
▶INFO  2019-08-06 17:43:36,356 [restartedMain] --- org.springframework.data.repository.config.RepositoryConfigurationDelegate[registerRepositoriesIn:182]: Finished Spring Data repository scanning in 26ms. Found 0 repository interfaces.
▶INFO  2019-08-06 17:43:37,143 [restartedMain] --- org.springframework.integration.config.DefaultConfiguringBeanFactoryPostProcessor[registerErrorChannel:193]: No bean named 'errorChannel' has been explicitly defined. Therefore, a default PublishSubscribeChannel will be created.
▶INFO  2019-08-06 17:43:37,160 [restartedMain] --- org.springframework.integration.config.DefaultConfiguringBeanFactoryPostProcessor[registerTaskScheduler:280]: No bean named 'taskScheduler' has been explicitly defined. Therefore, a default ThreadPoolTaskScheduler will be created.
▶INFO  2019-08-06 17:43:37,180 [restartedMain] --- org.springframework.integration.config.DefaultConfiguringBeanFactoryPostProcessor[registerHeaderChannelRegistry:431]: No bean named 'integrationHeaderChannelRegistry' has been explicitly defined. Therefore, a default DefaultHeaderChannelRegistry will be created.
▶INFO  2019-08-06 17:43:37,431 [restartedMain] --- org.springframework.context.support.PostProcessorRegistrationDelegate$BeanPostProcessorChecker[postProcessAfterInitialization:330]: Bean 'org.springframework.transaction.annotation.ProxyTransactionManagementConfiguration' of type [org.springframework.transaction.annotation.ProxyTransactionManagementConfiguration$$EnhancerBySpringCGLIB$$9692de41] is not eligible for getting processed by all BeanPostProcessors (for example: not eligible for auto-proxying)
▶INFO  2019-08-06 17:43:37,483 [restartedMain] --- org.springframework.context.support.PostProcessorRegistrationDelegate$BeanPostProcessorChecker[postProcessAfterInitialization:330]: Bean 'org.springframework.integration.config.IntegrationManagementConfiguration' of type [org.springframework.integration.config.IntegrationManagementConfiguration$$EnhancerBySpringCGLIB$$1849970] is not eligible for getting processed by all BeanPostProcessors (for example: not eligible for auto-proxying)
▶INFO  2019-08-06 17:43:37,508 [restartedMain] --- org.springframework.context.support.PostProcessorRegistrationDelegate$BeanPostProcessorChecker[postProcessAfterInitialization:330]: Bean 'integrationDisposableAutoCreatedBeans' of type [org.springframework.integration.config.annotation.Disposables] is not eligible for getting processed by all BeanPostProcessors (for example: not eligible for auto-proxying)
▶INFO  2019-08-06 17:43:38,706 [restartedMain] --- org.springframework.boot.web.embedded.tomcat.TomcatWebServer[initialize:90]: Tomcat initialized with port(s): 4002 (http)
▶INFO  2019-08-06 17:43:38,756 [restartedMain] --- org.apache.catalina.core.StandardService[log:173]: Starting service [Tomcat]
▶INFO  2019-08-06 17:43:38,757 [restartedMain] --- org.apache.catalina.core.StandardEngine[log:173]: Starting Servlet engine: [Apache Tomcat/9.0.21]
▶INFO  2019-08-06 17:43:39,104 [restartedMain] --- org.apache.catalina.core.ContainerBase.[Tomcat].[localhost].[/][log:173]: Initializing Spring embedded WebApplicationContext
▶INFO  2019-08-06 17:43:39,105 [restartedMain] --- org.springframework.web.context.ContextLoader[prepareWebApplicationContext:283]: Root WebApplicationContext: initialization completed in 4448 ms
▶INFO  2019-08-06 17:43:39,781 [restartedMain] --- com.zaxxer.hikari.HikariDataSource[getConnection:110]: HikariPool-1 - Starting...
▶INFO  2019-08-06 17:43:40,020 [restartedMain] --- com.zaxxer.hikari.HikariDataSource[getConnection:123]: HikariPool-1 - Start completed.
▶INFO  2019-08-06 17:43:40,129 [restartedMain] --- org.hibernate.jpa.internal.util.LogHelper[logPersistenceUnitInformation:31]: HHH000204: Processing PersistenceUnitInfo [
	name: default
	...]
▶INFO  2019-08-06 17:43:40,323 [restartedMain] --- org.hibernate.Version[logVersion:46]: HHH000412: Hibernate Core {5.3.10.Final}
▶INFO  2019-08-06 17:43:40,328 [restartedMain] --- org.hibernate.cfg.Environment[<clinit>:213]: HHH000206: hibernate.properties not found
▶INFO  2019-08-06 17:43:40,642 [restartedMain] --- org.hibernate.annotations.common.Version[<clinit>:49]: HCANN000001: Hibernate Commons Annotations {5.0.4.Final}
▶INFO  2019-08-06 17:43:40,940 [restartedMain] --- org.hibernate.dialect.Dialect[<init>:157]: HHH000400: Using dialect: org.hibernate.dialect.H2Dialect
▶INFO  2019-08-06 17:43:41,405 [restartedMain] --- org.springframework.orm.jpa.LocalContainerEntityManagerFactoryBean[buildNativeEntityManagerFactory:415]: Initialized JPA EntityManagerFactory for persistence unit 'default'
▶INFO  2019-08-06 17:43:41,448 [restartedMain] --- com.yjlee.api.config.ResourceServerConfig[accessTokenConverter:38]: Set JWT signing key to: {alg=HMACSHA256, value=yjlee_public}
▶INFO  2019-08-06 17:43:42,049 [restartedMain] --- org.springframework.scheduling.concurrent.ThreadPoolTaskExecutor[initialize:171]: Initializing ExecutorService 'applicationTaskExecutor'
▶WARN  2019-08-06 17:43:42,124 [restartedMain] --- org.springframework.boot.autoconfigure.orm.jpa.JpaBaseConfiguration$JpaWebConfiguration$JpaWebMvcConfiguration[openEntityManagerInViewInterceptor:225]: spring.jpa.open-in-view is enabled by default. Therefore, database queries may be performed during view rendering. Explicitly configure spring.jpa.open-in-view to disable this warning
▶INFO  2019-08-06 17:43:42,651 [restartedMain] --- org.springframework.boot.autoconfigure.security.servlet.UserDetailsServiceAutoConfiguration[getOrDeducePassword:82]: 

Using generated security password: 3747136b-a7bf-4342-bc91-fc6ff68dadb1

▶INFO  2019-08-06 17:43:42,996 [restartedMain] --- org.springframework.security.web.DefaultSecurityFilterChain[<init>:43]: Creating filter chain: any request, [org.springframework.security.web.context.request.async.WebAsyncManagerIntegrationFilter@18ed0170, org.springframework.security.web.context.SecurityContextPersistenceFilter@17ed4ee7, org.springframework.security.web.header.HeaderWriterFilter@511822da, org.springframework.security.web.authentication.logout.LogoutFilter@236d28c1, org.springframework.security.oauth2.provider.authentication.OAuth2AuthenticationProcessingFilter@26822bc1, org.springframework.security.web.savedrequest.RequestCacheAwareFilter@556666c1, org.springframework.security.web.servletapi.SecurityContextHolderAwareRequestFilter@38153d1e, org.springframework.security.web.authentication.AnonymousAuthenticationFilter@48ef049, org.springframework.security.web.session.SessionManagementFilter@2bc22c2c, org.springframework.security.web.access.ExceptionTranslationFilter@5bb572b3, org.springframework.security.web.access.intercept.FilterSecurityInterceptor@5a58eebf]
▶WARN  2019-08-06 17:43:43,204 [restartedMain] --- org.springframework.boot.devtools.autoconfigure.OptionalLiveReloadServer[startServer:60]: Unable to start LiveReload server
▶INFO  2019-08-06 17:43:43,410 [restartedMain] --- org.springframework.scheduling.concurrent.ThreadPoolTaskScheduler[initialize:171]: Initializing ExecutorService 'taskScheduler'
▶INFO  2019-08-06 17:43:43,518 [restartedMain] --- org.springframework.integration.endpoint.EventDrivenConsumer[logComponentSubscriptionEvent:107]: Adding {logging-channel-adapter:_org.springframework.integration.errorLogger} as a subscriber to the 'errorChannel' channel
▶INFO  2019-08-06 17:43:43,519 [restartedMain] --- org.springframework.integration.channel.PublishSubscribeChannel[adjustCounterIfNecessary:64]: Channel 'application.errorChannel' has 1 subscriber(s).
▶INFO  2019-08-06 17:43:43,535 [restartedMain] --- org.springframework.integration.endpoint.EventDrivenConsumer[start:159]: started _org.springframework.integration.errorLogger
▶INFO  2019-08-06 17:43:43,615 [restartedMain] --- org.springframework.boot.web.embedded.tomcat.TomcatWebServer[start:202]: Tomcat started on port(s): 4002 (http) with context path ''
▶INFO  2019-08-06 17:43:43,626 [restartedMain] --- com.yjlee.api.MainApplication[logStarted:59]: Started MainApplication in 10.675 seconds (JVM running for 13.951)
▶INFO  2019-08-06 17:45:41,274 [http-nio-4002-exec-2] --- org.apache.catalina.core.ContainerBase.[Tomcat].[localhost].[/][log:173]: Initializing Spring DispatcherServlet 'dispatcherServlet'
▶INFO  2019-08-06 17:45:41,275 [http-nio-4002-exec-2] --- org.springframework.web.servlet.DispatcherServlet[initServletBean:524]: Initializing Servlet 'dispatcherServlet'
▶INFO  2019-08-06 17:45:41,290 [http-nio-4002-exec-2] --- org.springframework.web.servlet.DispatcherServlet[initServletBean:546]: Completed initialization in 15 ms
▶INFO  2019-08-06 17:56:08,368 [RMI TCP Connection(33)-127.0.0.1] --- org.springframework.boot.admin.SpringApplicationAdminMXBeanRegistrar$SpringApplicationAdmin[shutdown:159]: Application shutdown requested.
▶INFO  2019-08-06 17:56:08,374 [RMI TCP Connection(33)-127.0.0.1] --- org.springframework.integration.endpoint.EventDrivenConsumer[logComponentSubscriptionEvent:107]: Removing {logging-channel-adapter:_org.springframework.integration.errorLogger} as a subscriber to the 'errorChannel' channel
▶INFO  2019-08-06 17:56:08,375 [RMI TCP Connection(33)-127.0.0.1] --- org.springframework.integration.channel.PublishSubscribeChannel[adjustCounterIfNecessary:64]: Channel 'application.errorChannel' has 0 subscriber(s).
▶INFO  2019-08-06 17:56:08,375 [RMI TCP Connection(33)-127.0.0.1] --- org.springframework.integration.endpoint.EventDrivenConsumer[stop:193]: stopped _org.springframework.integration.errorLogger
▶INFO  2019-08-06 17:56:08,377 [RMI TCP Connection(33)-127.0.0.1] --- org.springframework.scheduling.concurrent.ThreadPoolTaskScheduler[shutdown:208]: Shutting down ExecutorService 'taskScheduler'
▶INFO  2019-08-06 17:56:08,384 [RMI TCP Connection(33)-127.0.0.1] --- org.springframework.scheduling.concurrent.ThreadPoolTaskExecutor[shutdown:208]: Shutting down ExecutorService 'applicationTaskExecutor'
▶INFO  2019-08-06 17:56:08,386 [RMI TCP Connection(33)-127.0.0.1] --- org.springframework.orm.jpa.LocalContainerEntityManagerFactoryBean[destroy:597]: Closing JPA EntityManagerFactory for persistence unit 'default'
▶INFO  2019-08-06 17:56:08,408 [RMI TCP Connection(33)-127.0.0.1] --- org.springframework.beans.factory.support.DisposableBeanAdapter[destroy:267]: Invocation of destroy method failed on bean with name 'inMemoryDatabaseShutdownExecutor': org.h2.jdbc.JdbcSQLNonTransientConnectionException: Database is already closed (to disable automatic closing at VM shutdown, add ";DB_CLOSE_ON_EXIT=FALSE" to the db URL) [90121-199]
▶INFO  2019-08-06 17:56:08,409 [RMI TCP Connection(33)-127.0.0.1] --- com.zaxxer.hikari.HikariDataSource[close:350]: HikariPool-1 - Shutdown initiated...
▶INFO  2019-08-06 17:56:08,414 [RMI TCP Connection(33)-127.0.0.1] --- com.zaxxer.hikari.HikariDataSource[close:352]: HikariPool-1 - Shutdown completed.
